[debug] [2025-02-08T15:36:46.139Z] ----------------------------------------------------------------------
[debug] [2025-02-08T15:36:46.143Z] Command:       /Users/zhangyize/.nvm/versions/node/v20.0.0/bin/node /Users/zhangyize/.nvm/versions/node/v16.16.0/bin/firebase deploy
[debug] [2025-02-08T15:36:46.143Z] CLI Version:   13.16.0
[debug] [2025-02-08T15:36:46.143Z] Platform:      darwin
[debug] [2025-02-08T15:36:46.143Z] Node Version:  v20.0.0
[debug] [2025-02-08T15:36:46.144Z] Time:          Sat Feb 08 2025 23:36:46 GMT+0800 (中国标准时间)
[debug] [2025-02-08T15:36:46.144Z] ----------------------------------------------------------------------
[debug] 
[debug] [2025-02-08T15:36:46.145Z] >>> [apiv2][query] GET https://firebase-public.firebaseio.com/cli.json [none]
[debug] [2025-02-08T15:36:46.205Z] > command requires scopes: ["email","openid","https://www.googleapis.com/auth/cloudplatformprojects.readonly","https://www.googleapis.com/auth/firebase","https://www.googleapis.com/auth/cloud-platform"]
[debug] [2025-02-08T15:36:46.205Z] > authorizing via signed-in user (1411390466@qq.com)
[debug] [2025-02-08T15:36:46.205Z] [iam] checking project hello-techwiki for permissions ["firebase.projects.get","firebasehosting.sites.update"]
[debug] [2025-02-08T15:36:46.206Z] > refreshing access token with scopes: []
[debug] [2025-02-08T15:36:46.206Z] >>> [apiv2][query] POST https://www.googleapis.com/oauth2/v3/token [none]
[debug] [2025-02-08T15:36:46.206Z] >>> [apiv2][body] POST https://www.googleapis.com/oauth2/v3/token [omitted]
[debug] [2025-02-08T15:36:46.515Z] <<< [apiv2][status] POST https://www.googleapis.com/oauth2/v3/token 400
[debug] [2025-02-08T15:36:46.516Z] <<< [apiv2][body] POST https://www.googleapis.com/oauth2/v3/token [omitted]
[debug] [2025-02-08T15:36:46.516Z] >>> [apiv2][query] POST https://cloudresourcemanager.googleapis.com/v1/projects/hello-techwiki:testIamPermissions [none]
[debug] [2025-02-08T15:36:46.516Z] >>> [apiv2][(partial)header] POST https://cloudresourcemanager.googleapis.com/v1/projects/hello-techwiki:testIamPermissions x-goog-quota-user=projects/hello-techwiki
[debug] [2025-02-08T15:36:46.516Z] >>> [apiv2][body] POST https://cloudresourcemanager.googleapis.com/v1/projects/hello-techwiki:testIamPermissions {"permissions":["firebase.projects.get","firebasehosting.sites.update"]}
[debug] [2025-02-08T15:36:46.784Z] <<< [apiv2][status] GET https://firebase-public.firebaseio.com/cli.json 200
[debug] [2025-02-08T15:36:46.785Z] <<< [apiv2][body] GET https://firebase-public.firebaseio.com/cli.json {"cloudBuildErrorAfter":1594252800000,"cloudBuildWarnAfter":1590019200000,"defaultNode10After":1594252800000,"minVersion":"3.0.5","node8DeploysDisabledAfter":1613390400000,"node8RuntimeDisabledAfter":1615809600000,"node8WarnAfter":1600128000000}
[debug] [2025-02-08T15:36:47.897Z] <<< [apiv2][status] POST https://cloudresourcemanager.googleapis.com/v1/projects/hello-techwiki:testIamPermissions 401
[debug] [2025-02-08T15:36:47.897Z] <<< [apiv2][body] POST https://cloudresourcemanager.googleapis.com/v1/projects/hello-techwiki:testIamPermissions {"error":{"code":401,"message":"Request had invalid authentication credentials. Expected OAuth 2 access token, login cookie or other valid authentication credential. See https://developers.google.com/identity/sign-in/web/devconsole-project.","status":"UNAUTHENTICATED","details":[{"@type":"type.googleapis.com/google.rpc.ErrorInfo","reason":"ACCESS_TOKEN_TYPE_UNSUPPORTED","metadata":{"method":"google.cloudresourcemanager.v1.Projects.TestIamPermissions","service":"cloudresourcemanager.googleapis.com"}}]}}
[debug] [2025-02-08T15:36:47.899Z] [iam] error while checking permissions, command may fail: FirebaseError: HTTP Error: 401, Request had invalid authentication credentials. Expected OAuth 2 access token, login cookie or other valid authentication credential. See https://developers.google.com/identity/sign-in/web/devconsole-project.
[debug] [2025-02-08T15:36:47.899Z] > refreshing access token with scopes: []
[debug] [2025-02-08T15:36:47.900Z] >>> [apiv2][query] POST https://www.googleapis.com/oauth2/v3/token [none]
[debug] [2025-02-08T15:36:47.900Z] >>> [apiv2][body] POST https://www.googleapis.com/oauth2/v3/token [omitted]
[debug] [2025-02-08T15:36:47.984Z] <<< [apiv2][status] POST https://www.googleapis.com/oauth2/v3/token 400
[debug] [2025-02-08T15:36:47.985Z] <<< [apiv2][body] POST https://www.googleapis.com/oauth2/v3/token [omitted]
[debug] [2025-02-08T15:36:47.985Z] >>> [apiv2][query] GET https://firebase.googleapis.com/v1beta1/projects/hello-techwiki [none]
[debug] [2025-02-08T15:36:50.028Z] *** [apiv2] error from fetch(https://firebase.googleapis.com/v1beta1/projects/hello-techwiki, {"headers":{},"method":"GET","signal":{}}): FetchError: request to https://firebase.googleapis.com/v1beta1/projects/hello-techwiki failed, reason: Socket connection timeout
[debug] [2025-02-08T15:36:50.028Z] Failed to make request to https://firebase.googleapis.com/v1beta1/projects/hello-techwiki (original: request to https://firebase.googleapis.com/v1beta1/projects/hello-techwiki failed, reason: Socket connection timeout)
[error] 
[error] Error: Assertion failed: resolving hosting target of a site with no site name or target name. This should have caused an error earlier
[debug] [2025-02-08T15:37:16.258Z] ----------------------------------------------------------------------
[debug] [2025-02-08T15:37:16.263Z] Command:       /Users/zhangyize/.nvm/versions/node/v20.0.0/bin/node /Users/zhangyize/.nvm/versions/node/v16.16.0/bin/firebase deploy
[debug] [2025-02-08T15:37:16.263Z] CLI Version:   13.16.0
[debug] [2025-02-08T15:37:16.263Z] Platform:      darwin
[debug] [2025-02-08T15:37:16.263Z] Node Version:  v20.0.0
[debug] [2025-02-08T15:37:16.263Z] Time:          Sat Feb 08 2025 23:37:16 GMT+0800 (中国标准时间)
[debug] [2025-02-08T15:37:16.263Z] ----------------------------------------------------------------------
[debug] 
[debug] [2025-02-08T15:37:16.301Z] > command requires scopes: ["email","openid","https://www.googleapis.com/auth/cloudplatformprojects.readonly","https://www.googleapis.com/auth/firebase","https://www.googleapis.com/auth/cloud-platform"]
[debug] [2025-02-08T15:37:16.301Z] > authorizing via signed-in user (1411390466@qq.com)
[debug] [2025-02-08T15:37:16.301Z] [iam] checking project hello-techwiki for permissions ["firebase.projects.get","firebasehosting.sites.update"]
[debug] [2025-02-08T15:37:16.302Z] > refreshing access token with scopes: []
[debug] [2025-02-08T15:37:16.303Z] >>> [apiv2][query] POST https://www.googleapis.com/oauth2/v3/token [none]
[debug] [2025-02-08T15:37:16.303Z] >>> [apiv2][body] POST https://www.googleapis.com/oauth2/v3/token [omitted]
[debug] [2025-02-08T15:37:16.558Z] <<< [apiv2][status] POST https://www.googleapis.com/oauth2/v3/token 400
[debug] [2025-02-08T15:37:16.558Z] <<< [apiv2][body] POST https://www.googleapis.com/oauth2/v3/token [omitted]
[debug] [2025-02-08T15:37:16.558Z] >>> [apiv2][query] POST https://cloudresourcemanager.googleapis.com/v1/projects/hello-techwiki:testIamPermissions [none]
[debug] [2025-02-08T15:37:16.558Z] >>> [apiv2][(partial)header] POST https://cloudresourcemanager.googleapis.com/v1/projects/hello-techwiki:testIamPermissions x-goog-quota-user=projects/hello-techwiki
[debug] [2025-02-08T15:37:16.558Z] >>> [apiv2][body] POST https://cloudresourcemanager.googleapis.com/v1/projects/hello-techwiki:testIamPermissions {"permissions":["firebase.projects.get","firebasehosting.sites.update"]}
[debug] [2025-02-08T15:37:17.739Z] <<< [apiv2][status] POST https://cloudresourcemanager.googleapis.com/v1/projects/hello-techwiki:testIamPermissions 401
[debug] [2025-02-08T15:37:17.739Z] <<< [apiv2][body] POST https://cloudresourcemanager.googleapis.com/v1/projects/hello-techwiki:testIamPermissions {"error":{"code":401,"message":"Request had invalid authentication credentials. Expected OAuth 2 access token, login cookie or other valid authentication credential. See https://developers.google.com/identity/sign-in/web/devconsole-project.","status":"UNAUTHENTICATED","details":[{"@type":"type.googleapis.com/google.rpc.ErrorInfo","reason":"ACCESS_TOKEN_TYPE_UNSUPPORTED","metadata":{"method":"google.cloudresourcemanager.v1.Projects.TestIamPermissions","service":"cloudresourcemanager.googleapis.com"}}]}}
[debug] [2025-02-08T15:37:17.740Z] [iam] error while checking permissions, command may fail: FirebaseError: HTTP Error: 401, Request had invalid authentication credentials. Expected OAuth 2 access token, login cookie or other valid authentication credential. See https://developers.google.com/identity/sign-in/web/devconsole-project.
[debug] [2025-02-08T15:37:17.741Z] > refreshing access token with scopes: []
[debug] [2025-02-08T15:37:17.741Z] >>> [apiv2][query] POST https://www.googleapis.com/oauth2/v3/token [none]
[debug] [2025-02-08T15:37:17.741Z] >>> [apiv2][body] POST https://www.googleapis.com/oauth2/v3/token [omitted]
[debug] [2025-02-08T15:37:17.823Z] <<< [apiv2][status] POST https://www.googleapis.com/oauth2/v3/token 400
[debug] [2025-02-08T15:37:17.823Z] <<< [apiv2][body] POST https://www.googleapis.com/oauth2/v3/token [omitted]
[debug] [2025-02-08T15:37:17.823Z] >>> [apiv2][query] GET https://firebase.googleapis.com/v1beta1/projects/hello-techwiki [none]
[debug] [2025-02-08T15:37:20.115Z] *** [apiv2] error from fetch(https://firebase.googleapis.com/v1beta1/projects/hello-techwiki, {"headers":{},"method":"GET","signal":{}}): FetchError: request to https://firebase.googleapis.com/v1beta1/projects/hello-techwiki failed, reason: Socket connection timeout
[debug] [2025-02-08T15:37:20.115Z] Failed to make request to https://firebase.googleapis.com/v1beta1/projects/hello-techwiki (original: request to https://firebase.googleapis.com/v1beta1/projects/hello-techwiki failed, reason: Socket connection timeout)
[error] 
[error] Error: Assertion failed: resolving hosting target of a site with no site name or target name. This should have caused an error earlier
[debug] [2025-02-08T15:37:50.923Z] ----------------------------------------------------------------------
[debug] [2025-02-08T15:37:50.925Z] Command:       /Users/zhangyize/.nvm/versions/node/v20.0.0/bin/node /Users/zhangyize/.nvm/versions/node/v20.0.0/bin/firebase deploy
[debug] [2025-02-08T15:37:50.925Z] CLI Version:   13.30.0
[debug] [2025-02-08T15:37:50.925Z] Platform:      darwin
[debug] [2025-02-08T15:37:50.925Z] Node Version:  v20.0.0
[debug] [2025-02-08T15:37:50.925Z] Time:          Sat Feb 08 2025 23:37:50 GMT+0800 (中国标准时间)
[debug] [2025-02-08T15:37:50.925Z] ----------------------------------------------------------------------
[debug] 
[debug] [2025-02-08T15:37:51.016Z] > command requires scopes: ["email","openid","https://www.googleapis.com/auth/cloudplatformprojects.readonly","https://www.googleapis.com/auth/firebase","https://www.googleapis.com/auth/cloud-platform"]
[debug] [2025-02-08T15:37:51.016Z] > authorizing via signed-in user (1411390466@qq.com)
[debug] [2025-02-08T15:37:51.016Z] [iam] checking project hello-techwiki for permissions ["firebase.projects.get","firebasehosting.sites.update"]
[debug] [2025-02-08T15:37:51.017Z] Checked if tokens are valid: false, expires at: 1719146691065
[debug] [2025-02-08T15:37:51.017Z] Checked if tokens are valid: false, expires at: 1719146691065
[debug] [2025-02-08T15:37:51.017Z] > refreshing access token with scopes: []
[debug] [2025-02-08T15:37:51.018Z] >>> [apiv2][query] POST https://www.googleapis.com/oauth2/v3/token [none]
[debug] [2025-02-08T15:37:51.018Z] >>> [apiv2][body] POST https://www.googleapis.com/oauth2/v3/token [omitted]
[debug] [2025-02-08T15:37:51.270Z] <<< [apiv2][status] POST https://www.googleapis.com/oauth2/v3/token 400
[debug] [2025-02-08T15:37:51.270Z] <<< [apiv2][body] POST https://www.googleapis.com/oauth2/v3/token [omitted]
[debug] [2025-02-08T15:37:51.270Z] >>> [apiv2][query] POST https://cloudresourcemanager.googleapis.com/v1/projects/hello-techwiki:testIamPermissions [none]
[debug] [2025-02-08T15:37:51.270Z] >>> [apiv2][(partial)header] POST https://cloudresourcemanager.googleapis.com/v1/projects/hello-techwiki:testIamPermissions x-goog-quota-user=projects/hello-techwiki
[debug] [2025-02-08T15:37:51.270Z] >>> [apiv2][body] POST https://cloudresourcemanager.googleapis.com/v1/projects/hello-techwiki:testIamPermissions {"permissions":["firebase.projects.get","firebasehosting.sites.update"]}
[debug] [2025-02-08T15:37:51.644Z] <<< [apiv2][status] POST https://cloudresourcemanager.googleapis.com/v1/projects/hello-techwiki:testIamPermissions 401
[debug] [2025-02-08T15:37:51.644Z] <<< [apiv2][body] POST https://cloudresourcemanager.googleapis.com/v1/projects/hello-techwiki:testIamPermissions {"error":{"code":401,"message":"Request had invalid authentication credentials. Expected OAuth 2 access token, login cookie or other valid authentication credential. See https://developers.google.com/identity/sign-in/web/devconsole-project.","status":"UNAUTHENTICATED","details":[{"@type":"type.googleapis.com/google.rpc.ErrorInfo","reason":"ACCESS_TOKEN_TYPE_UNSUPPORTED","metadata":{"service":"cloudresourcemanager.googleapis.com","method":"google.cloudresourcemanager.v1.Projects.TestIamPermissions"}}]}}
[debug] [2025-02-08T15:37:51.644Z] Got a 401 Unauthenticated error for a call that required authentication. Refreshing tokens.
[debug] [2025-02-08T15:37:51.645Z] Checked if tokens are valid: false, expires at: 1719146691065
[debug] [2025-02-08T15:37:51.645Z] Checked if tokens are valid: false, expires at: 1719146691065
[debug] [2025-02-08T15:37:51.645Z] > refreshing access token with scopes: []
[debug] [2025-02-08T15:37:51.645Z] >>> [apiv2][query] POST https://www.googleapis.com/oauth2/v3/token [none]
[debug] [2025-02-08T15:37:51.645Z] >>> [apiv2][body] POST https://www.googleapis.com/oauth2/v3/token [omitted]
[debug] [2025-02-08T15:37:51.728Z] <<< [apiv2][status] POST https://www.googleapis.com/oauth2/v3/token 400
[debug] [2025-02-08T15:37:51.729Z] <<< [apiv2][body] POST https://www.googleapis.com/oauth2/v3/token [omitted]
[debug] [2025-02-08T15:37:51.729Z] [iam] error while checking permissions, command may fail: Request to https://cloudresourcemanager.googleapis.com/v1/projects/hello-techwiki:testIamPermissions had HTTP Error: 401, Request had invalid authentication credentials. Expected OAuth 2 access token, login cookie or other valid authentication credential. See https://developers.google.com/identity/sign-in/web/devconsole-project.
[debug] [2025-02-08T15:37:51.730Z] Checked if tokens are valid: false, expires at: 1719146691065
[debug] [2025-02-08T15:37:51.730Z] Checked if tokens are valid: false, expires at: 1719146691065
[debug] [2025-02-08T15:37:51.730Z] > refreshing access token with scopes: []
[debug] [2025-02-08T15:37:51.730Z] >>> [apiv2][query] POST https://www.googleapis.com/oauth2/v3/token [none]
[debug] [2025-02-08T15:37:51.730Z] >>> [apiv2][body] POST https://www.googleapis.com/oauth2/v3/token [omitted]
[debug] [2025-02-08T15:37:51.812Z] <<< [apiv2][status] POST https://www.googleapis.com/oauth2/v3/token 400
[debug] [2025-02-08T15:37:51.812Z] <<< [apiv2][body] POST https://www.googleapis.com/oauth2/v3/token [omitted]
[debug] [2025-02-08T15:37:51.813Z] >>> [apiv2][query] GET https://firebase.googleapis.com/v1beta1/projects/hello-techwiki [none]
[debug] [2025-02-08T15:37:54.081Z] *** [apiv2] error from fetch(https://firebase.googleapis.com/v1beta1/projects/hello-techwiki, {"headers":{},"method":"GET","signal":{}}): FetchError: request to https://firebase.googleapis.com/v1beta1/projects/hello-techwiki failed, reason: Socket connection timeout
[debug] [2025-02-08T15:37:54.081Z] Failed to make request to https://firebase.googleapis.com/v1beta1/projects/hello-techwiki (original: request to https://firebase.googleapis.com/v1beta1/projects/hello-techwiki failed, reason: Socket connection timeout)
[error] 
[error] Error: Assertion failed: resolving hosting target of a site with no site name or target name. This should have caused an error earlier
